2026-04-26 02:23:58,694 - INFO - Iniciando generación de HTML
2026-04-26 02:23:58,697 - INFO - Backup creado: True
2026-04-26 02:23:58,701 - INFO - TOP.json cargado exitosamente
2026-04-26 02:23:58,719 - INFO - HTML generado exitosamente - Total: 1066 items
2026-04-26 02:23:58,720 - INFO - Distribución - Anime: 352, Dibujos: 483, Películas: 200, Series: 31
2026-04-26 03:38:19,795 - INFO - Iniciando generación de HTML
2026-04-26 03:38:19,797 - INFO - Backup creado: True
2026-04-26 03:38:19,803 - INFO - TOP.json cargado exitosamente
2026-04-26 03:38:19,821 - INFO - HTML generado exitosamente - Total: 1066 items
2026-04-26 03:38:19,821 - INFO - Distribución - Anime: 352, Dibujos: 483, Películas: 200, Series: 31
2026-04-26 04:31:28,926 - INFO - Iniciando generación de HTML
2026-04-26 04:31:28,929 - INFO - Backup creado: True
2026-04-26 04:31:28,935 - INFO - TOP.json cargado exitosamente
2026-04-26 04:31:28,950 - INFO - HTML generado exitosamente - Total: 1068 items
2026-04-26 04:31:28,950 - INFO - Distribución - Anime: 352, Dibujos: 485, Películas: 200, Series: 31
2026-04-26 18:10:45,763 - INFO - Iniciando generación de HTML
2026-04-26 18:10:45,774 - INFO - Backup creado: True
2026-04-26 18:10:45,781 - INFO - TOP.json cargado exitosamente
2026-04-26 18:10:45,796 - INFO - HTML generado exitosamente - Total: 1068 items
2026-04-26 18:10:45,796 - INFO - Distribución - Anime: 352, Dibujos: 485, Películas: 200, Series: 31
2026-04-26 19:19:16,291 - INFO - Iniciando generación de HTML
2026-04-26 19:19:16,293 - INFO - Backup creado: True
2026-04-26 19:19:16,299 - INFO - TOP.json cargado exitosamente
2026-04-26 19:19:16,315 - INFO - HTML generado exitosamente - Total: 1068 items
2026-04-26 19:19:16,315 - INFO - Distribución - Anime: 352, Dibujos: 485, Películas: 200, Series: 31
2026-04-26 20:07:24,669 - INFO - Iniciando generación de HTML
2026-04-26 20:07:24,671 - INFO - Backup creado: True
2026-04-26 20:07:24,678 - INFO - TOP.json cargado exitosamente
2026-04-26 20:07:24,694 - INFO - HTML generado exitosamente - Total: 1068 items
2026-04-26 20:07:24,694 - INFO - Distribución - Anime: 352, Dibujos: 485, Películas: 200, Series: 31
2026-04-26 20:33:10,168 - INFO - Iniciando generación de HTML
2026-04-26 20:33:10,170 - INFO - Backup creado: True
2026-04-26 20:33:10,176 - INFO - TOP.json cargado exitosamente
2026-04-26 20:33:10,191 - INFO - HTML generado exitosamente - Total: 1068 items
2026-04-26 20:33:10,191 - INFO - Distribución - Anime: 352, Dibujos: 485, Películas: 200, Series: 31
2026-04-26 20:51:22,349 - INFO - Iniciando generación de HTML
2026-04-26 20:51:22,351 - INFO - Backup creado: True
2026-04-26 20:51:22,356 - INFO - TOP.json cargado exitosamente
2026-04-26 20:51:22,372 - INFO - HTML generado exitosamente - Total: 1068 items
2026-04-26 20:51:22,372 - INFO - Distribución - Anime: 352, Dibujos: 485, Películas: 200, Series: 31
2026-04-26 20:59:35,502 - INFO - Iniciando generación de HTML
2026-04-26 20:59:35,504 - INFO - Backup creado: True
2026-04-26 20:59:35,509 - INFO - TOP.json cargado exitosamente
2026-04-26 20:59:35,524 - INFO - HTML generado exitosamente - Total: 1068 items
2026-04-26 20:59:35,524 - INFO - Distribución - Anime: 352, Dibujos: 485, Películas: 200, Series: 31
2026-04-26 21:02:46,623 - INFO - Iniciando generación de HTML
2026-04-26 21:02:46,625 - INFO - Backup creado: True
2026-04-26 21:02:46,630 - INFO - TOP.json cargado exitosamente
2026-04-26 21:02:46,645 - INFO - HTML generado exitosamente - Total: 1068 items
2026-04-26 21:02:46,645 - INFO - Distribución - Anime: 352, Dibujos: 485, Películas: 200, Series: 31
2026-04-26 21:15:23,218 - INFO - Iniciando generación de HTML
2026-04-26 21:15:23,220 - INFO - Backup creado: True
2026-04-26 21:15:23,225 - INFO - TOP.json cargado exitosamente
2026-04-26 21:15:23,240 - INFO - HTML generado exitosamente - Total: 1068 items
2026-04-26 21:15:23,241 - INFO - Distribución - Anime: 352, Dibujos: 485, Películas: 200, Series: 31
2026-04-26 21:18:50,695 - INFO - Iniciando generación de HTML
2026-04-26 21:18:50,697 - INFO - Backup creado: True
2026-04-26 21:18:50,702 - INFO - TOP.json cargado exitosamente
2026-04-26 21:18:50,718 - INFO - HTML generado exitosamente - Total: 1068 items
2026-04-26 21:18:50,718 - INFO - Distribución - Anime: 352, Dibujos: 485, Películas: 200, Series: 31
2026-04-26 21:21:10,231 - INFO - Iniciando generación de HTML
2026-04-26 21:21:10,233 - INFO - Backup creado: True
2026-04-26 21:21:10,239 - INFO - TOP.json cargado exitosamente
2026-04-26 21:21:10,254 - INFO - HTML generado exitosamente - Total: 1068 items
2026-04-26 21:21:10,254 - INFO - Distribución - Anime: 352, Dibujos: 485, Películas: 200, Series: 31
2026-04-26 21:28:58,148 - INFO - Iniciando generación de HTML
2026-04-26 21:28:58,150 - INFO - Backup creado: True
2026-04-26 21:28:58,155 - INFO - TOP.json cargado exitosamente
2026-04-26 21:28:58,172 - INFO - HTML generado exitosamente - Total: 1068 items
2026-04-26 21:28:58,172 - INFO - Distribución - Anime: 352, Dibujos: 485, Películas: 200, Series: 31
2026-04-26 21:29:30,607 - INFO - Iniciando generación de HTML
2026-04-26 21:29:30,608 - INFO - Backup creado: True
2026-04-26 21:29:30,614 - INFO - TOP.json cargado exitosamente
2026-04-26 21:29:30,629 - INFO - HTML generado exitosamente - Total: 1068 items
2026-04-26 21:29:30,629 - INFO - Distribución - Anime: 352, Dibujos: 485, Películas: 200, Series: 31
2026-04-26 21:33:05,417 - INFO - Iniciando generación de HTML
2026-04-26 21:33:05,418 - INFO - Backup creado: True
2026-04-26 21:33:05,424 - INFO - TOP.json cargado exitosamente
2026-04-26 21:33:05,452 - INFO - HTML generado exitosamente - Total: 1068 items
2026-04-26 21:33:05,452 - INFO - Distribución - Anime: 352, Dibujos: 485, Películas: 200, Series: 31
2026-04-26 21:37:30,252 - INFO - Iniciando generación de HTML
2026-04-26 21:37:30,254 - INFO - Backup creado: True
2026-04-26 21:37:30,260 - INFO - TOP.json cargado exitosamente
2026-04-26 21:37:30,275 - INFO - HTML generado exitosamente - Total: 1068 items
2026-04-26 21:37:30,275 - INFO - Distribución - Anime: 352, Dibujos: 485, Películas: 200, Series: 31
2026-04-26 22:07:11,029 - INFO - Iniciando generación de HTML
2026-04-26 22:07:11,031 - INFO - Backup creado: True
2026-04-26 22:07:11,039 - INFO - TOP.json cargado exitosamente
2026-04-26 22:07:11,055 - INFO - HTML generado exitosamente - Total: 1068 items
2026-04-26 22:07:11,055 - INFO - Distribución - Anime: 352, Dibujos: 485, Películas: 200, Series: 31
2026-04-26 22:39:46,715 - INFO - Iniciando generación de HTML
2026-04-26 22:39:46,720 - INFO - Backup creado: True
2026-04-26 22:39:46,727 - INFO - TOP.json cargado exitosamente
2026-04-26 22:39:46,746 - INFO - HTML generado exitosamente - Total: 1068 items
2026-04-26 22:39:46,746 - INFO - Distribución - Anime: 352, Dibujos: 485, Películas: 200, Series: 31
2026-04-26 23:05:51,208 - INFO - Iniciando generación de HTML
2026-04-26 23:05:51,210 - INFO - Backup creado: True
2026-04-26 23:05:51,215 - INFO - TOP.json cargado exitosamente
2026-04-26 23:05:51,231 - INFO - HTML generado exitosamente - Total: 1068 items
2026-04-26 23:05:51,231 - INFO - Distribución - Anime: 352, Dibujos: 485, Películas: 200, Series: 31
2026-04-26 23:24:55,020 - INFO - Iniciando generación de HTML
2026-04-26 23:24:55,022 - INFO - Backup creado: True
2026-04-26 23:24:55,027 - INFO - TOP.json cargado exitosamente
2026-04-26 23:24:55,045 - INFO - HTML generado exitosamente - Total: 1068 items
2026-04-26 23:24:55,045 - INFO - Distribución - Anime: 352, Dibujos: 485, Películas: 200, Series: 31
2026-04-26 23:29:01,773 - INFO - Iniciando generación de HTML
2026-04-26 23:29:01,776 - INFO - Backup creado: True
2026-04-26 23:29:01,782 - INFO - TOP.json cargado exitosamente
2026-04-26 23:29:01,797 - INFO - HTML generado exitosamente - Total: 1068 items
2026-04-26 23:29:01,797 - INFO - Distribución - Anime: 352, Dibujos: 485, Películas: 200, Series: 31
2026-04-26 23:38:38,135 - INFO - Iniciando generación de HTML
2026-04-26 23:38:38,137 - INFO - Backup creado: True
2026-04-26 23:38:38,143 - INFO - TOP.json cargado exitosamente
2026-04-26 23:38:38,158 - INFO - HTML generado exitosamente - Total: 1068 items
2026-04-26 23:38:38,158 - INFO - Distribución - Anime: 352, Dibujos: 485, Películas: 200, Series: 31
2026-04-26 23:42:40,507 - INFO - Iniciando generación de HTML
2026-04-26 23:42:40,509 - INFO - Backup creado: True
2026-04-26 23:42:40,516 - INFO - TOP.json cargado exitosamente
2026-04-26 23:42:40,534 - INFO - HTML generado exitosamente - Total: 1068 items
2026-04-26 23:42:40,535 - INFO - Distribución - Anime: 352, Dibujos: 485, Películas: 200, Series: 31
2026-04-26 23:43:47,818 - INFO - Iniciando generación de HTML
2026-04-26 23:43:47,820 - INFO - Backup creado: True
2026-04-26 23:43:47,826 - INFO - TOP.json cargado exitosamente
2026-04-26 23:43:47,841 - INFO - HTML generado exitosamente - Total: 1068 items
2026-04-26 23:43:47,841 - INFO - Distribución - Anime: 352, Dibujos: 485, Películas: 200, Series: 31
2026-04-26 23:46:53,673 - INFO - Iniciando generación de HTML
2026-04-26 23:46:53,675 - INFO - Backup creado: True
2026-04-26 23:46:53,681 - INFO - TOP.json cargado exitosamente
2026-04-26 23:46:53,696 - INFO - HTML generado exitosamente - Total: 1068 items
2026-04-26 23:46:53,697 - INFO - Distribución - Anime: 352, Dibujos: 485, Películas: 200, Series: 31
2026-04-26 23:50:52,490 - INFO - Iniciando generación de HTML
2026-04-26 23:50:52,492 - INFO - Backup creado: True
2026-04-26 23:50:52,498 - INFO - TOP.json cargado exitosamente
2026-04-26 23:50:52,513 - INFO - HTML generado exitosamente - Total: 1068 items
2026-04-26 23:50:52,513 - INFO - Distribución - Anime: 352, Dibujos: 485, Películas: 200, Series: 31
2026-04-26 23:54:17,863 - INFO - Iniciando generación de HTML
2026-04-26 23:54:17,864 - INFO - Backup creado: True
2026-04-26 23:54:17,870 - INFO - TOP.json cargado exitosamente
2026-04-26 23:54:17,885 - INFO - HTML generado exitosamente - Total: 1068 items
2026-04-26 23:54:17,885 - INFO - Distribución - Anime: 352, Dibujos: 485, Películas: 200, Series: 31
2026-04-27 00:27:40,485 - INFO - Iniciando generación de HTML
2026-04-27 00:27:40,487 - INFO - Backup creado: True
2026-04-27 00:27:40,492 - INFO - TOP.json cargado exitosamente
2026-04-27 00:27:40,509 - INFO - HTML generado exitosamente - Total: 1068 items
2026-04-27 00:27:40,509 - INFO - Distribución - Anime: 352, Dibujos: 485, Películas: 200, Series: 31
2026-04-27 00:30:01,970 - INFO - Iniciando generación de HTML
2026-04-27 00:30:01,973 - INFO - Backup creado: True
2026-04-27 00:30:01,980 - INFO - TOP.json cargado exitosamente
2026-04-27 00:30:01,997 - INFO - HTML generado exitosamente - Total: 1068 items
2026-04-27 00:30:01,997 - INFO - Distribución - Anime: 352, Dibujos: 485, Películas: 200, Series: 31
2026-04-27 00:32:04,765 - INFO - Iniciando generación de HTML
2026-04-27 00:32:04,768 - INFO - Backup creado: True
2026-04-27 00:32:04,775 - INFO - TOP.json cargado exitosamente
2026-04-27 00:32:04,790 - INFO - HTML generado exitosamente - Total: 1068 items
2026-04-27 00:32:04,790 - INFO - Distribución - Anime: 352, Dibujos: 485, Películas: 200, Series: 31
2026-04-27 00:36:00,314 - INFO - Iniciando generación de HTML
2026-04-27 00:36:00,315 - INFO - Backup creado: True
2026-04-27 00:36:00,321 - INFO - TOP.json cargado exitosamente
2026-04-27 00:36:00,336 - INFO - HTML generado exitosamente - Total: 1068 items
2026-04-27 00:36:00,336 - INFO - Distribución - Anime: 352, Dibujos: 485, Películas: 200, Series: 31
2026-04-27 00:37:52,900 - INFO - Iniciando generación de HTML
2026-04-27 00:37:52,902 - INFO - Backup creado: True
2026-04-27 00:37:52,907 - INFO - TOP.json cargado exitosamente
2026-04-27 00:37:52,922 - INFO - HTML generado exitosamente - Total: 1068 items
2026-04-27 00:37:52,922 - INFO - Distribución - Anime: 352, Dibujos: 485, Películas: 200, Series: 31
2026-04-27 00:39:13,965 - INFO - Iniciando generación de HTML
2026-04-27 00:39:13,966 - INFO - Backup creado: True
2026-04-27 00:39:13,972 - INFO - TOP.json cargado exitosamente
2026-04-27 00:39:13,987 - INFO - HTML generado exitosamente - Total: 1068 items
2026-04-27 00:39:13,987 - INFO - Distribución - Anime: 352, Dibujos: 485, Películas: 200, Series: 31
2026-04-27 00:40:19,681 - INFO - Iniciando generación de HTML
2026-04-27 00:40:19,683 - INFO - Backup creado: True
2026-04-27 00:40:19,688 - INFO - TOP.json cargado exitosamente
2026-04-27 00:40:19,704 - INFO - HTML generado exitosamente - Total: 1068 items
2026-04-27 00:40:19,704 - INFO - Distribución - Anime: 352, Dibujos: 485, Películas: 200, Series: 31
2026-04-27 00:41:39,912 - INFO - Iniciando generación de HTML
2026-04-27 00:41:39,914 - INFO - Backup creado: True
2026-04-27 00:41:39,920 - INFO - TOP.json cargado exitosamente
2026-04-27 00:41:39,935 - INFO - HTML generado exitosamente - Total: 1068 items
2026-04-27 00:41:39,935 - INFO - Distribución - Anime: 352, Dibujos: 485, Películas: 200, Series: 31
2026-04-27 00:45:29,855 - INFO - Iniciando generación de HTML
2026-04-27 00:45:29,857 - INFO - Backup creado: True
2026-04-27 00:45:29,862 - INFO - TOP.json cargado exitosamente
2026-04-27 00:45:29,878 - INFO - HTML generado exitosamente - Total: 1068 items
2026-04-27 00:45:29,878 - INFO - Distribución - Anime: 352, Dibujos: 485, Películas: 200, Series: 31
2026-04-27 00:51:23,624 - INFO - Iniciando generación de HTML
2026-04-27 00:51:23,625 - INFO - Backup creado: True
2026-04-27 00:51:23,632 - INFO - TOP.json cargado exitosamente
2026-04-27 00:51:23,650 - INFO - HTML generado exitosamente - Total: 1068 items
2026-04-27 00:51:23,650 - INFO - Distribución - Anime: 352, Dibujos: 485, Películas: 200, Series: 31
2026-04-27 00:52:02,967 - INFO - Iniciando generación de HTML
2026-04-27 00:52:02,969 - INFO - Backup creado: True
2026-04-27 00:52:02,974 - INFO - TOP.json cargado exitosamente
2026-04-27 00:52:02,989 - INFO - HTML generado exitosamente - Total: 1068 items
2026-04-27 00:52:02,989 - INFO - Distribución - Anime: 352, Dibujos: 485, Películas: 200, Series: 31
2026-04-27 00:52:50,824 - INFO - Iniciando generación de HTML
2026-04-27 00:52:50,826 - INFO - Backup creado: True
2026-04-27 00:52:50,831 - INFO - TOP.json cargado exitosamente
2026-04-27 00:52:50,846 - INFO - HTML generado exitosamente - Total: 1068 items
2026-04-27 00:52:50,846 - INFO - Distribución - Anime: 352, Dibujos: 485, Películas: 200, Series: 31
2026-04-27 00:54:01,661 - INFO - Iniciando generación de HTML
2026-04-27 00:54:01,663 - INFO - Backup creado: True
2026-04-27 00:54:01,668 - INFO - TOP.json cargado exitosamente
2026-04-27 00:54:01,684 - INFO - HTML generado exitosamente - Total: 1068 items
2026-04-27 00:54:01,684 - INFO - Distribución - Anime: 352, Dibujos: 485, Películas: 200, Series: 31
2026-04-27 09:44:36,069 - INFO - Iniciando generación de HTML
2026-04-27 09:44:36,072 - INFO - Backup creado: True
2026-04-27 09:44:36,079 - INFO - TOP.json cargado exitosamente
2026-04-27 09:44:36,095 - INFO - HTML generado exitosamente - Total: 1068 items
2026-04-27 09:44:36,096 - INFO - Distribución - Anime: 352, Dibujos: 485, Películas: 200, Series: 31
2026-04-27 09:47:28,168 - INFO - Iniciando generación de HTML
2026-04-27 09:47:28,170 - INFO - Backup creado: True
2026-04-27 09:47:28,176 - INFO - TOP.json cargado exitosamente
2026-04-27 09:47:28,193 - INFO - HTML generado exitosamente - Total: 1068 items
2026-04-27 09:47:28,194 - INFO - Distribución - Anime: 352, Dibujos: 485, Películas: 200, Series: 31
2026-04-27 10:10:51,053 - INFO - Iniciando generación de HTML
2026-04-27 10:10:51,055 - INFO - Backup creado: True
2026-04-27 10:10:51,061 - INFO - TOP.json cargado exitosamente
2026-04-27 10:10:51,077 - INFO - HTML generado exitosamente - Total: 1068 items
2026-04-27 10:10:51,077 - INFO - Distribución - Anime: 352, Dibujos: 485, Películas: 200, Series: 31
2026-04-27 10:12:51,352 - INFO - Iniciando generación de HTML
2026-04-27 10:12:51,354 - INFO - Backup creado: True
2026-04-27 10:12:51,361 - INFO - TOP.json cargado exitosamente
2026-04-27 10:12:51,377 - INFO - HTML generado exitosamente - Total: 1068 items
2026-04-27 10:12:51,377 - INFO - Distribución - Anime: 352, Dibujos: 485, Películas: 200, Series: 31
2026-04-27 13:51:37,448 - INFO - Iniciando generación de HTML
2026-04-27 13:51:37,452 - INFO - Backup creado: True
2026-04-27 13:51:37,462 - INFO - TOP.json cargado exitosamente
2026-04-27 13:51:37,480 - INFO - HTML generado exitosamente - Total: 1068 items
2026-04-27 13:51:37,480 - INFO - Distribución - Anime: 352, Dibujos: 485, Películas: 200, Series: 31
2026-04-27 14:01:39,587 - INFO - Iniciando generación de HTML
2026-04-27 14:01:39,590 - INFO - Backup creado: True
2026-04-27 14:01:39,599 - INFO - TOP.json cargado exitosamente
2026-04-27 14:01:39,621 - INFO - HTML generado exitosamente - Total: 1068 items
2026-04-27 14:01:39,621 - INFO - Distribución - Anime: 352, Dibujos: 485, Películas: 200, Series: 31
2026-04-27 15:37:05,779 - INFO - Iniciando generación de HTML
2026-04-27 15:37:05,783 - INFO - Backup creado: True
2026-04-27 15:37:05,792 - INFO - TOP.json cargado exitosamente
2026-04-27 15:37:05,811 - INFO - HTML generado exitosamente - Total: 1068 items
2026-04-27 15:37:05,811 - INFO - Distribución - Anime: 352, Dibujos: 485, Películas: 200, Series: 31
2026-04-27 16:01:23,585 - INFO - Iniciando generación de HTML
2026-04-27 16:01:23,588 - INFO - Backup creado: True
2026-04-27 16:01:23,597 - INFO - TOP.json cargado exitosamente
2026-04-27 16:01:23,617 - INFO - HTML generado exitosamente - Total: 1068 items
2026-04-27 16:01:23,617 - INFO - Distribución - Anime: 352, Dibujos: 485, Películas: 200, Series: 31
2026-04-27 16:09:16,649 - INFO - Iniciando generación de HTML
2026-04-27 16:09:16,651 - INFO - Backup creado: True
2026-04-27 16:09:16,662 - INFO - TOP.json cargado exitosamente
2026-04-27 16:09:16,684 - INFO - HTML generado exitosamente - Total: 1068 items
2026-04-27 16:09:16,684 - INFO - Distribución - Anime: 352, Dibujos: 485, Películas: 200, Series: 31
2026-04-27 16:21:58,586 - INFO - Iniciando generación de HTML
2026-04-27 16:21:58,589 - INFO - Backup creado: True
2026-04-27 16:21:58,598 - INFO - TOP.json cargado exitosamente
2026-04-27 16:21:58,618 - INFO - HTML generado exitosamente - Total: 1068 items
2026-04-27 16:21:58,618 - INFO - Distribución - Anime: 352, Dibujos: 485, Películas: 200, Series: 31
2026-04-27 16:29:44,665 - INFO - Iniciando generación de HTML
2026-04-27 16:29:44,668 - INFO - Backup creado: True
2026-04-27 16:29:44,678 - INFO - TOP.json cargado exitosamente
2026-04-27 16:29:44,699 - INFO - HTML generado exitosamente - Total: 1068 items
2026-04-27 16:29:44,699 - INFO - Distribución - Anime: 352, Dibujos: 485, Películas: 200, Series: 31
2026-04-27 16:58:40,829 - INFO - Iniciando generación de HTML
2026-04-27 16:58:40,832 - INFO - Backup creado: True
2026-04-27 16:58:40,845 - INFO - TOP.json cargado exitosamente
2026-04-27 16:58:40,867 - INFO - HTML generado exitosamente - Total: 1068 items
2026-04-27 16:58:40,868 - INFO - Distribución - Anime: 352, Dibujos: 485, Películas: 200, Series: 31
2026-04-27 18:21:42,121 - INFO - Iniciando generación de HTML
2026-04-27 18:21:42,124 - INFO - Backup creado: True
2026-04-27 18:21:42,134 - INFO - TOP.json cargado exitosamente
2026-04-27 18:21:42,155 - INFO - HTML generado exitosamente - Total: 1069 items
2026-04-27 18:21:42,155 - INFO - Distribución - Anime: 352, Dibujos: 486, Películas: 200, Series: 31
2026-04-27 20:00:16,897 - INFO - Iniciando generación de HTML
2026-04-27 20:00:16,901 - INFO - Backup creado: True
2026-04-27 20:00:16,910 - INFO - TOP.json cargado exitosamente
2026-04-27 20:00:16,931 - INFO - HTML generado exitosamente - Total: 1069 items
2026-04-27 20:00:16,931 - INFO - Distribución - Anime: 352, Dibujos: 486, Películas: 200, Series: 31
2026-04-27 20:18:12,759 - INFO - Iniciando generación de HTML
2026-04-27 20:18:12,761 - INFO - Backup creado: True
2026-04-27 20:18:12,770 - INFO - TOP.json cargado exitosamente
2026-04-27 20:18:12,790 - INFO - HTML generado exitosamente - Total: 1069 items
2026-04-27 20:18:12,790 - INFO - Distribución - Anime: 352, Dibujos: 486, Películas: 200, Series: 31
2026-04-27 20:20:05,659 - INFO - Iniciando generación de HTML
2026-04-27 20:20:05,661 - INFO - Backup creado: True
2026-04-27 20:20:05,670 - INFO - TOP.json cargado exitosamente
2026-04-27 20:20:05,690 - INFO - HTML generado exitosamente - Total: 1069 items
2026-04-27 20:20:05,690 - INFO - Distribución - Anime: 352, Dibujos: 486, Películas: 200, Series: 31
2026-04-27 20:22:39,168 - INFO - Iniciando generación de HTML
2026-04-27 20:22:39,170 - INFO - Backup creado: True
2026-04-27 20:22:39,180 - INFO - TOP.json cargado exitosamente
2026-04-27 20:22:39,213 - INFO - HTML generado exitosamente - Total: 1069 items
2026-04-27 20:22:39,213 - INFO - Distribución - Anime: 352, Dibujos: 486, Películas: 200, Series: 31
2026-04-27 20:25:37,231 - INFO - Iniciando generación de HTML
2026-04-27 20:25:37,233 - INFO - Backup creado: True
2026-04-27 20:25:37,242 - INFO - TOP.json cargado exitosamente
2026-04-27 20:25:37,262 - INFO - HTML generado exitosamente - Total: 1069 items
2026-04-27 20:25:37,262 - INFO - Distribución - Anime: 352, Dibujos: 486, Películas: 200, Series: 31
2026-04-27 20:32:19,011 - INFO - Iniciando generación de HTML
2026-04-27 20:32:19,014 - INFO - Backup creado: True
2026-04-27 20:32:19,022 - INFO - TOP.json cargado exitosamente
2026-04-27 20:32:19,046 - INFO - HTML generado exitosamente - Total: 1069 items
2026-04-27 20:32:19,046 - INFO - Distribución - Anime: 352, Dibujos: 486, Películas: 200, Series: 31
2026-04-27 20:38:27,481 - INFO - Iniciando generación de HTML
2026-04-27 20:38:27,484 - INFO - Backup creado: True
2026-04-27 20:38:27,501 - INFO - TOP.json cargado exitosamente
2026-04-27 20:38:27,529 - INFO - HTML generado exitosamente - Total: 1069 items
2026-04-27 20:38:27,529 - INFO - Distribución - Anime: 352, Dibujos: 486, Películas: 200, Series: 31
2026-04-27 20:42:18,906 - INFO - Iniciando generación de HTML
2026-04-27 20:42:18,909 - INFO - Backup creado: True
2026-04-27 20:42:18,918 - INFO - TOP.json cargado exitosamente
2026-04-27 20:42:18,942 - INFO - HTML generado exitosamente - Total: 1069 items
2026-04-27 20:42:18,942 - INFO - Distribución - Anime: 352, Dibujos: 486, Películas: 200, Series: 31
2026-04-27 20:45:27,972 - INFO - Iniciando generación de HTML
2026-04-27 20:45:27,975 - INFO - Backup creado: True
2026-04-27 20:45:27,986 - INFO - TOP.json cargado exitosamente
2026-04-27 20:45:28,010 - INFO - HTML generado exitosamente - Total: 1069 items
2026-04-27 20:45:28,010 - INFO - Distribución - Anime: 352, Dibujos: 486, Películas: 200, Series: 31
2026-04-27 20:49:35,099 - INFO - Iniciando generación de HTML
2026-04-27 20:49:35,101 - INFO - Backup creado: True
2026-04-27 20:49:35,110 - INFO - TOP.json cargado exitosamente
2026-04-27 20:49:35,132 - INFO - HTML generado exitosamente - Total: 1069 items
2026-04-27 20:49:35,132 - INFO - Distribución - Anime: 352, Dibujos: 486, Películas: 200, Series: 31
2026-04-27 20:54:18,746 - INFO - Iniciando generación de HTML
2026-04-27 20:54:18,748 - INFO - Backup creado: True
2026-04-27 20:54:18,758 - INFO - TOP.json cargado exitosamente
2026-04-27 20:54:18,780 - INFO - HTML generado exitosamente - Total: 1069 items
2026-04-27 20:54:18,780 - INFO - Distribución - Anime: 352, Dibujos: 486, Películas: 200, Series: 31
2026-04-27 20:59:42,944 - INFO - Iniciando generación de HTML
2026-04-27 20:59:42,946 - INFO - Backup creado: True
2026-04-27 20:59:42,958 - INFO - TOP.json cargado exitosamente
2026-04-27 20:59:42,979 - INFO - HTML generado exitosamente - Total: 1069 items
2026-04-27 20:59:42,979 - INFO - Distribución - Anime: 352, Dibujos: 486, Películas: 200, Series: 31
2026-04-27 21:05:31,247 - INFO - Iniciando generación de HTML
2026-04-27 21:05:31,259 - INFO - Backup creado: True
2026-04-27 21:05:31,272 - INFO - TOP.json cargado exitosamente
2026-04-27 21:05:31,294 - INFO - HTML generado exitosamente - Total: 1069 items
2026-04-27 21:05:31,295 - INFO - Distribución - Anime: 352, Dibujos: 486, Películas: 200, Series: 31
2026-04-27 21:11:02,472 - INFO - Iniciando generación de HTML
2026-04-27 21:11:02,474 - INFO - Backup creado: True
2026-04-27 21:11:02,484 - INFO - TOP.json cargado exitosamente
2026-04-27 21:11:02,506 - INFO - HTML generado exitosamente - Total: 1069 items
2026-04-27 21:11:02,506 - INFO - Distribución - Anime: 352, Dibujos: 486, Películas: 200, Series: 31
2026-04-27 21:18:35,002 - INFO - Iniciando generación de HTML
2026-04-27 21:18:35,006 - INFO - Backup creado: True
2026-04-27 21:18:35,022 - INFO - TOP.json cargado exitosamente
2026-04-27 21:18:35,046 - INFO - HTML generado exitosamente - Total: 1069 items
2026-04-27 21:18:35,046 - INFO - Distribución - Anime: 352, Dibujos: 486, Películas: 200, Series: 31
2026-04-27 21:24:23,567 - INFO - Iniciando generación de HTML
2026-04-27 21:24:23,569 - INFO - Backup creado: True
2026-04-27 21:24:23,579 - INFO - TOP.json cargado exitosamente
2026-04-27 21:24:23,601 - INFO - HTML generado exitosamente - Total: 1069 items
2026-04-27 21:24:23,601 - INFO - Distribución - Anime: 352, Dibujos: 486, Películas: 200, Series: 31
2026-04-27 21:35:35,652 - INFO - Iniciando generación de HTML
2026-04-27 21:35:35,655 - INFO - Backup creado: True
2026-04-27 21:35:35,665 - INFO - TOP.json cargado exitosamente
2026-04-27 21:35:35,686 - INFO - HTML generado exitosamente - Total: 1069 items
2026-04-27 21:35:35,686 - INFO - Distribución - Anime: 352, Dibujos: 486, Películas: 200, Series: 31
2026-04-27 21:41:30,739 - INFO - Iniciando generación de HTML
2026-04-27 21:41:30,741 - INFO - Backup creado: True
2026-04-27 21:41:30,750 - INFO - TOP.json cargado exitosamente
2026-04-27 21:41:30,770 - INFO - HTML generado exitosamente - Total: 1069 items
2026-04-27 21:41:30,770 - INFO - Distribución - Anime: 352, Dibujos: 486, Películas: 200, Series: 31
2026-04-27 23:07:57,772 - INFO - Iniciando generación de HTML
2026-04-27 23:07:57,774 - INFO - Backup creado: True
2026-04-27 23:07:57,783 - INFO - TOP.json cargado exitosamente
2026-04-27 23:07:57,802 - INFO - HTML generado exitosamente - Total: 1069 items
2026-04-27 23:07:57,803 - INFO - Distribución - Anime: 352, Dibujos: 486, Películas: 200, Series: 31
2026-04-27 23:19:49,437 - INFO - Iniciando generación de HTML
2026-04-27 23:19:49,439 - INFO - Backup creado: True
2026-04-27 23:19:49,449 - INFO - TOP.json cargado exitosamente
2026-04-27 23:19:49,470 - INFO - HTML generado exitosamente - Total: 1069 items
2026-04-27 23:19:49,471 - INFO - Distribución - Anime: 352, Dibujos: 486, Películas: 200, Series: 31
2026-04-27 23:26:03,821 - INFO - Iniciando generación de HTML
2026-04-27 23:26:03,829 - INFO - Backup creado: True
2026-04-27 23:26:03,838 - INFO - TOP.json cargado exitosamente
2026-04-27 23:26:03,857 - INFO - HTML generado exitosamente - Total: 1069 items
2026-04-27 23:26:03,857 - INFO - Distribución - Anime: 352, Dibujos: 486, Películas: 200, Series: 31
2026-04-27 23:27:56,802 - INFO - Iniciando generación de HTML
2026-04-27 23:27:56,805 - INFO - Backup creado: True
2026-04-27 23:27:56,814 - INFO - TOP.json cargado exitosamente
2026-04-27 23:27:56,834 - INFO - HTML generado exitosamente - Total: 1069 items
2026-04-27 23:27:56,835 - INFO - Distribución - Anime: 352, Dibujos: 486, Películas: 200, Series: 31
2026-04-27 23:30:41,000 - INFO - Iniciando generación de HTML
2026-04-27 23:30:41,002 - INFO - Backup creado: True
2026-04-27 23:30:41,011 - INFO - TOP.json cargado exitosamente
2026-04-27 23:30:41,031 - INFO - HTML generado exitosamente - Total: 1069 items
2026-04-27 23:30:41,031 - INFO - Distribución - Anime: 352, Dibujos: 486, Películas: 200, Series: 31
2026-04-27 23:35:02,328 - INFO - Iniciando generación de HTML
2026-04-27 23:35:02,331 - INFO - Backup creado: True
2026-04-27 23:35:02,340 - INFO - TOP.json cargado exitosamente
2026-04-27 23:35:02,361 - INFO - HTML generado exitosamente - Total: 1069 items
2026-04-27 23:35:02,361 - INFO - Distribución - Anime: 352, Dibujos: 486, Películas: 200, Series: 31
2026-04-27 23:36:37,581 - INFO - Iniciando generación de HTML
2026-04-27 23:36:37,584 - INFO - Backup creado: True
2026-04-27 23:36:37,593 - INFO - TOP.json cargado exitosamente
2026-04-27 23:36:37,613 - INFO - HTML generado exitosamente - Total: 1069 items
2026-04-27 23:36:37,613 - INFO - Distribución - Anime: 352, Dibujos: 486, Películas: 200, Series: 31
2026-04-27 23:40:23,441 - INFO - Iniciando generación de HTML
2026-04-27 23:40:23,443 - INFO - Backup creado: True
2026-04-27 23:40:23,452 - INFO - TOP.json cargado exitosamente
2026-04-27 23:40:23,473 - INFO - HTML generado exitosamente - Total: 1069 items
2026-04-27 23:40:23,473 - INFO - Distribución - Anime: 352, Dibujos: 486, Películas: 200, Series: 31
2026-04-27 23:46:44,535 - INFO - Iniciando generación de HTML
2026-04-27 23:46:44,537 - INFO - Backup creado: True
2026-04-27 23:46:44,546 - INFO - TOP.json cargado exitosamente
2026-04-27 23:46:44,566 - INFO - HTML generado exitosamente - Total: 1069 items
2026-04-27 23:46:44,566 - INFO - Distribución - Anime: 352, Dibujos: 486, Películas: 200, Series: 31
2026-04-27 23:49:16,987 - INFO - Iniciando generación de HTML
2026-04-27 23:49:16,990 - INFO - Backup creado: True
2026-04-27 23:49:16,999 - INFO - TOP.json cargado exitosamente
2026-04-27 23:49:17,022 - INFO - HTML generado exitosamente - Total: 1069 items
2026-04-27 23:49:17,022 - INFO - Distribución - Anime: 352, Dibujos: 486, Películas: 200, Series: 31
2026-04-27 23:50:33,968 - INFO - Iniciando generación de HTML
2026-04-27 23:50:33,971 - INFO - Backup creado: True
2026-04-27 23:50:33,982 - INFO - TOP.json cargado exitosamente
2026-04-27 23:50:34,002 - INFO - HTML generado exitosamente - Total: 1069 items
2026-04-27 23:50:34,002 - INFO - Distribución - Anime: 352, Dibujos: 486, Películas: 200, Series: 31
2026-04-27 23:52:26,947 - INFO - Iniciando generación de HTML
2026-04-27 23:52:26,950 - INFO - Backup creado: True
2026-04-27 23:52:26,960 - INFO - TOP.json cargado exitosamente
2026-04-27 23:52:26,980 - INFO - HTML generado exitosamente - Total: 1069 items
2026-04-27 23:52:26,981 - INFO - Distribución - Anime: 352, Dibujos: 486, Películas: 200, Series: 31
2026-04-28 01:41:25,495 - INFO - Iniciando generación de HTML
2026-04-28 01:41:25,499 - INFO - Backup creado: True
2026-04-28 01:41:25,509 - INFO - TOP.json cargado exitosamente
2026-04-28 01:41:25,528 - INFO - HTML generado exitosamente - Total: 1069 items
2026-04-28 01:41:25,528 - INFO - Distribución - Anime: 352, Dibujos: 486, Películas: 200, Series: 31
2026-04-28 01:49:03,613 - INFO - Iniciando generación de HTML
2026-04-28 01:49:03,618 - INFO - Backup creado: True
2026-04-28 01:49:03,627 - INFO - TOP.json cargado exitosamente
2026-04-28 01:49:03,651 - INFO - HTML generado exitosamente - Total: 1069 items
2026-04-28 01:49:03,651 - INFO - Distribución - Anime: 352, Dibujos: 486, Películas: 200, Series: 31
2026-04-28 01:53:08,146 - INFO - Iniciando generación de HTML
2026-04-28 01:53:08,148 - INFO - Backup creado: True
2026-04-28 01:53:08,157 - INFO - TOP.json cargado exitosamente
2026-04-28 01:53:08,177 - INFO - HTML generado exitosamente - Total: 1069 items
2026-04-28 01:53:08,178 - INFO - Distribución - Anime: 352, Dibujos: 486, Películas: 200, Series: 31
2026-04-28 01:53:53,865 - INFO - Iniciando generación de HTML
2026-04-28 01:53:53,868 - INFO - Backup creado: True
2026-04-28 01:53:53,877 - INFO - TOP.json cargado exitosamente
2026-04-28 01:53:53,909 - INFO - HTML generado exitosamente - Total: 1069 items
2026-04-28 01:53:53,910 - INFO - Distribución - Anime: 352, Dibujos: 486, Películas: 200, Series: 31
2026-04-28 01:54:51,164 - INFO - Iniciando generación de HTML
2026-04-28 01:54:51,168 - INFO - Backup creado: True
2026-04-28 01:54:51,176 - INFO - TOP.json cargado exitosamente
2026-04-28 01:54:51,197 - INFO - HTML generado exitosamente - Total: 1069 items
2026-04-28 01:54:51,197 - INFO - Distribución - Anime: 352, Dibujos: 486, Películas: 200, Series: 31
2026-04-28 01:55:21,203 - INFO - Iniciando generación de HTML
2026-04-28 01:55:21,205 - INFO - Backup creado: True
2026-04-28 01:55:21,213 - INFO - TOP.json cargado exitosamente
2026-04-28 01:55:21,233 - INFO - HTML generado exitosamente - Total: 1069 items
2026-04-28 01:55:21,233 - INFO - Distribución - Anime: 352, Dibujos: 486, Películas: 200, Series: 31
2026-04-28 01:58:55,920 - INFO - Iniciando generación de HTML
2026-04-28 01:58:55,923 - INFO - Backup creado: True
2026-04-28 01:58:55,932 - INFO - TOP.json cargado exitosamente
2026-04-28 01:58:55,951 - INFO - HTML generado exitosamente - Total: 1069 items
2026-04-28 01:58:55,951 - INFO - Distribución - Anime: 352, Dibujos: 486, Películas: 200, Series: 31
2026-04-28 02:22:09,019 - INFO - Iniciando generación de HTML
2026-04-28 02:22:09,021 - INFO - Backup creado: True
2026-04-28 02:22:09,031 - INFO - TOP.json cargado exitosamente
2026-04-28 02:22:09,052 - INFO - HTML generado exitosamente - Total: 1069 items
2026-04-28 02:22:09,052 - INFO - Distribución - Anime: 352, Dibujos: 486, Películas: 200, Series: 31
2026-04-28 02:24:31,678 - INFO - Iniciando generación de HTML
2026-04-28 02:24:31,681 - INFO - Backup creado: True
2026-04-28 02:24:31,690 - INFO - TOP.json cargado exitosamente
2026-04-28 02:24:31,710 - INFO - HTML generado exitosamente - Total: 1069 items
2026-04-28 02:24:31,710 - INFO - Distribución - Anime: 352, Dibujos: 486, Películas: 200, Series: 31
2026-04-28 02:26:00,791 - INFO - Iniciando generación de HTML
2026-04-28 02:26:00,793 - INFO - Backup creado: True
2026-04-28 02:26:00,803 - INFO - TOP.json cargado exitosamente
2026-04-28 02:26:00,824 - INFO - HTML generado exitosamente - Total: 1069 items
2026-04-28 02:26:00,824 - INFO - Distribución - Anime: 352, Dibujos: 486, Películas: 200, Series: 31
2026-04-28 02:26:57,574 - INFO - Iniciando generación de HTML
2026-04-28 02:26:57,576 - INFO - Backup creado: True
2026-04-28 02:26:57,587 - INFO - TOP.json cargado exitosamente
2026-04-28 02:26:57,609 - INFO - HTML generado exitosamente - Total: 1069 items
2026-04-28 02:26:57,609 - INFO - Distribución - Anime: 352, Dibujos: 486, Películas: 200, Series: 31
2026-04-28 02:29:14,703 - INFO - Iniciando generación de HTML
2026-04-28 02:29:14,716 - INFO - Backup creado: True
2026-04-28 02:29:14,725 - INFO - TOP.json cargado exitosamente
2026-04-28 02:30:13,468 - INFO - Iniciando generación de HTML
2026-04-28 02:30:13,470 - INFO - Backup creado: True
2026-04-28 02:30:13,481 - INFO - TOP.json cargado exitosamente
2026-04-28 02:30:13,503 - INFO - HTML generado exitosamente - Total: 1069 items
2026-04-28 02:30:13,503 - INFO - Distribución - Anime: 352, Dibujos: 486, Películas: 200, Series: 31
2026-04-28 03:19:03,760 - INFO - Iniciando generación de HTML
2026-04-28 03:19:03,764 - INFO - Backup creado: True
2026-04-28 03:19:03,806 - INFO - TOP.json cargado exitosamente
2026-04-28 03:19:03,877 - INFO - HTML generado exitosamente - Total: 1069 items
2026-04-28 03:19:03,877 - INFO - Distribución - Anime: 352, Dibujos: 486, Películas: 200, Series: 31
2026-04-28 04:36:35,425 - INFO - Iniciando generación de HTML
2026-04-28 04:36:35,428 - INFO - Backup creado: True
2026-04-28 04:36:35,437 - INFO - TOP.json cargado exitosamente
2026-04-28 04:36:35,458 - INFO - HTML generado exitosamente - Total: 1069 items
2026-04-28 04:36:35,458 - INFO - Distribución - Anime: 352, Dibujos: 486, Películas: 200, Series: 31
2026-04-28 04:49:12,349 - INFO - Iniciando generación de HTML
2026-04-28 04:49:12,352 - INFO - Backup creado: True
2026-04-28 04:49:12,364 - INFO - TOP.json cargado exitosamente
2026-04-28 04:49:12,388 - INFO - HTML generado exitosamente - Total: 1069 items
2026-04-28 04:49:12,388 - INFO - Distribución - Anime: 352, Dibujos: 486, Películas: 200, Series: 31
2026-04-28 04:50:21,601 - INFO - Iniciando generación de HTML
2026-04-28 04:50:21,604 - INFO - Backup creado: True
2026-04-28 04:50:21,613 - INFO - TOP.json cargado exitosamente
2026-04-28 04:50:21,635 - INFO - HTML generado exitosamente - Total: 1069 items
2026-04-28 04:50:21,635 - INFO - Distribución - Anime: 352, Dibujos: 486, Películas: 200, Series: 31
2026-04-28 11:54:15,086 - INFO - Iniciando generación de HTML
2026-04-28 11:54:15,090 - INFO - Backup creado: True
2026-04-28 11:54:15,101 - INFO - TOP.json cargado exitosamente
2026-04-28 12:07:23,724 - INFO - Iniciando generación de HTML
2026-04-28 12:07:23,727 - INFO - Backup creado: True
2026-04-28 12:07:23,737 - INFO - TOP.json cargado exitosamente
2026-04-28 12:07:23,759 - INFO - HTML generado exitosamente - Total: 1069 items
2026-04-28 12:07:23,759 - INFO - Distribución - Anime: 352, Dibujos: 486, Películas: 200, Series: 31
2026-04-28 12:19:26,261 - INFO - Iniciando generación de HTML
2026-04-28 12:19:26,263 - INFO - Backup creado: True
2026-04-28 12:19:26,272 - INFO - TOP.json cargado exitosamente
2026-04-28 12:19:26,294 - INFO - HTML generado exitosamente - Total: 1069 items
2026-04-28 12:19:26,294 - INFO - Distribución - Anime: 352, Dibujos: 486, Películas: 200, Series: 31
2026-04-28 12:22:13,386 - INFO - Iniciando generación de HTML
2026-04-28 12:22:13,389 - INFO - Backup creado: True
2026-04-28 12:22:13,398 - INFO - TOP.json cargado exitosamente
2026-04-28 12:22:13,419 - INFO - HTML generado exitosamente - Total: 1069 items
2026-04-28 12:22:13,419 - INFO - Distribución - Anime: 352, Dibujos: 486, Películas: 200, Series: 31
2026-04-28 13:28:42,800 - INFO - Iniciando generación de HTML
2026-04-28 13:28:42,802 - INFO - Backup creado: True
2026-04-28 13:28:42,812 - INFO - TOP.json cargado exitosamente
2026-04-28 13:28:42,833 - INFO - HTML generado exitosamente - Total: 1069 items
2026-04-28 13:28:42,833 - INFO - Distribución - Anime: 352, Dibujos: 486, Películas: 200, Series: 31
2026-04-28 14:17:08,858 - INFO - Iniciando generación de HTML
2026-04-28 14:17:08,860 - INFO - Backup creado: True
2026-04-28 14:17:08,869 - INFO - TOP.json cargado exitosamente
2026-04-28 14:17:08,890 - INFO - HTML generado exitosamente - Total: 1069 items
2026-04-28 14:17:08,890 - INFO - Distribución - Anime: 352, Dibujos: 486, Películas: 200, Series: 31
2026-04-28 15:17:54,940 - INFO - Iniciando generación de HTML
2026-04-28 15:17:54,943 - INFO - Backup creado: True
2026-04-28 15:17:54,953 - INFO - TOP.json cargado exitosamente
2026-04-28 15:17:54,973 - INFO - HTML generado exitosamente - Total: 1069 items
2026-04-28 15:17:54,973 - INFO - Distribución - Anime: 352, Dibujos: 486, Películas: 200, Series: 31
2026-04-28 15:23:17,433 - INFO - Iniciando generación de HTML
2026-04-28 15:23:17,435 - INFO - Backup creado: True
2026-04-28 15:23:17,444 - INFO - TOP.json cargado exitosamente
2026-04-28 15:23:17,466 - INFO - HTML generado exitosamente - Total: 1069 items
2026-04-28 15:23:17,466 - INFO - Distribución - Anime: 352, Dibujos: 486, Películas: 200, Series: 31
2026-04-28 15:38:15,747 - INFO - Iniciando generación de HTML
2026-04-28 15:38:15,749 - INFO - Backup creado: True
2026-04-28 15:38:15,760 - INFO - TOP.json cargado exitosamente
2026-04-28 15:38:15,782 - INFO - HTML generado exitosamente - Total: 1069 items
2026-04-28 15:38:15,782 - INFO - Distribución - Anime: 352, Dibujos: 486, Películas: 200, Series: 31
2026-04-28 16:22:10,892 - INFO - Iniciando generación de HTML
2026-04-28 16:22:10,898 - INFO - Backup creado: True
2026-04-28 16:22:10,908 - INFO - TOP.json cargado exitosamente
2026-04-28 16:22:10,934 - INFO - HTML generado exitosamente - Total: 1069 items
2026-04-28 16:22:10,934 - INFO - Distribución - Anime: 352, Dibujos: 486, Películas: 200, Series: 31
2026-04-28 16:27:33,271 - INFO - Iniciando generación de HTML
2026-04-28 16:27:33,274 - INFO - Backup creado: True
2026-04-28 16:27:33,283 - INFO - TOP.json cargado exitosamente
2026-04-28 16:27:33,303 - INFO - HTML generado exitosamente - Total: 1069 items
2026-04-28 16:27:33,304 - INFO - Distribución - Anime: 352, Dibujos: 486, Películas: 200, Series: 31
2026-04-28 16:34:19,390 - INFO - Iniciando generación de HTML
2026-04-28 16:34:19,392 - INFO - Backup creado: True
2026-04-28 16:34:19,401 - INFO - TOP.json cargado exitosamente
2026-04-28 16:34:19,421 - INFO - HTML generado exitosamente - Total: 1069 items
2026-04-28 16:34:19,421 - INFO - Distribución - Anime: 352, Dibujos: 486, Películas: 200, Series: 31
2026-04-28 16:37:07,731 - INFO - Iniciando generación de HTML
2026-04-28 16:37:07,734 - INFO - Backup creado: True
2026-04-28 16:37:07,744 - INFO - TOP.json cargado exitosamente
2026-04-28 16:37:07,765 - INFO - HTML generado exitosamente - Total: 1069 items
2026-04-28 16:37:07,766 - INFO - Distribución - Anime: 352, Dibujos: 486, Películas: 200, Series: 31
2026-04-28 16:45:15,561 - INFO - Iniciando generación de HTML
2026-04-28 16:45:15,564 - INFO - Backup creado: True
2026-04-28 16:45:15,574 - INFO - TOP.json cargado exitosamente
2026-04-28 16:45:15,595 - INFO - HTML generado exitosamente - Total: 1069 items
2026-04-28 16:45:15,596 - INFO - Distribución - Anime: 352, Dibujos: 486, Películas: 200, Series: 31
2026-04-28 17:26:07,915 - INFO - Iniciando generación de HTML
2026-04-28 17:26:07,917 - INFO - Backup creado: True
2026-04-28 17:26:07,927 - INFO - TOP.json cargado exitosamente
2026-04-28 17:26:07,949 - INFO - HTML generado exitosamente - Total: 1069 items
2026-04-28 17:26:07,949 - INFO - Distribución - Anime: 352, Dibujos: 486, Películas: 200, Series: 31
2026-04-28 17:33:07,402 - INFO - Iniciando generación de HTML
2026-04-28 17:33:07,405 - INFO - Backup creado: True
2026-04-28 17:33:07,418 - INFO - TOP.json cargado exitosamente
2026-04-28 17:33:07,442 - INFO - HTML generado exitosamente - Total: 1069 items
2026-04-28 17:33:07,442 - INFO - Distribución - Anime: 352, Dibujos: 486, Películas: 200, Series: 31
2026-04-28 17:39:20,123 - INFO - Iniciando generación de HTML
2026-04-28 17:39:20,126 - INFO - Backup creado: True
2026-04-28 17:39:20,136 - INFO - TOP.json cargado exitosamente
2026-04-28 17:39:20,161 - INFO - HTML generado exitosamente - Total: 1069 items
2026-04-28 17:39:20,161 - INFO - Distribución - Anime: 352, Dibujos: 486, Películas: 200, Series: 31
2026-04-28 17:45:52,658 - INFO - Iniciando generación de HTML
2026-04-28 17:45:52,664 - INFO - Backup creado: True
2026-04-28 17:45:52,675 - INFO - TOP.json cargado exitosamente
2026-04-28 17:45:52,697 - INFO - HTML generado exitosamente - Total: 1069 items
2026-04-28 17:45:52,698 - INFO - Distribución - Anime: 352, Dibujos: 486, Películas: 200, Series: 31
2026-04-28 17:47:43,184 - INFO - Iniciando generación de HTML
2026-04-28 17:47:43,186 - INFO - Backup creado: True
2026-04-28 17:47:43,195 - INFO - TOP.json cargado exitosamente
2026-04-28 17:47:43,216 - INFO - HTML generado exitosamente - Total: 1069 items
2026-04-28 17:47:43,216 - INFO - Distribución - Anime: 352, Dibujos: 486, Películas: 200, Series: 31
2026-04-28 17:51:30,690 - INFO - Iniciando generación de HTML
2026-04-28 17:51:30,692 - INFO - Backup creado: True
2026-04-28 17:51:30,702 - INFO - TOP.json cargado exitosamente
2026-04-28 17:51:30,723 - INFO - HTML generado exitosamente - Total: 1069 items
2026-04-28 17:51:30,723 - INFO - Distribución - Anime: 352, Dibujos: 486, Películas: 200, Series: 31
2026-04-28 18:11:39,378 - INFO - Iniciando generación de HTML
2026-04-28 18:11:39,380 - INFO - Backup creado: True
2026-04-28 18:11:39,389 - INFO - TOP.json cargado exitosamente
2026-04-28 18:11:39,410 - INFO - HTML generado exitosamente - Total: 1069 items
2026-04-28 18:11:39,410 - INFO - Distribución - Anime: 352, Dibujos: 486, Películas: 200, Series: 31
2026-04-28 18:36:46,099 - INFO - Iniciando generación de HTML
2026-04-28 18:36:46,102 - INFO - Backup creado: True
2026-04-28 18:36:46,111 - INFO - TOP.json cargado exitosamente
2026-04-28 18:36:46,130 - INFO - HTML generado exitosamente - Total: 1069 items
2026-04-28 18:36:46,130 - INFO - Distribución - Anime: 352, Dibujos: 486, Películas: 200, Series: 31
2026-04-28 18:44:40,402 - INFO - Iniciando generación de HTML
2026-04-28 18:44:40,404 - INFO - Backup creado: True
2026-04-28 18:44:40,413 - INFO - TOP.json cargado exitosamente
2026-04-28 18:44:40,433 - INFO - HTML generado exitosamente - Total: 1069 items
2026-04-28 18:44:40,433 - INFO - Distribución - Anime: 352, Dibujos: 486, Películas: 200, Series: 31
2026-04-28 18:50:28,160 - INFO - Iniciando generación de HTML
2026-04-28 18:50:28,162 - INFO - Backup creado: True
2026-04-28 18:50:28,171 - INFO - TOP.json cargado exitosamente
2026-04-28 18:50:28,191 - INFO - HTML generado exitosamente - Total: 1069 items
2026-04-28 18:50:28,191 - INFO - Distribución - Anime: 352, Dibujos: 486, Películas: 200, Series: 31
2026-04-28 18:59:33,588 - INFO - Iniciando generación de HTML
2026-04-28 18:59:33,591 - INFO - Backup creado: True
2026-04-28 18:59:33,600 - INFO - TOP.json cargado exitosamente
2026-04-28 18:59:33,630 - INFO - HTML generado exitosamente - Total: 1069 items
2026-04-28 18:59:33,630 - INFO - Distribución - Anime: 352, Dibujos: 486, Películas: 200, Series: 31
2026-04-28 19:05:30,395 - INFO - Iniciando generación de HTML
2026-04-28 19:05:30,398 - INFO - Backup creado: True
2026-04-28 19:05:30,407 - INFO - TOP.json cargado exitosamente
2026-04-28 19:05:30,429 - INFO - HTML generado exitosamente - Total: 1069 items
2026-04-28 19:05:30,429 - INFO - Distribución - Anime: 352, Dibujos: 486, Películas: 200, Series: 31
2026-04-28 19:31:40,757 - INFO - Iniciando generación de HTML
2026-04-28 19:31:40,760 - INFO - Backup creado: True
2026-04-28 19:31:40,769 - INFO - TOP.json cargado exitosamente
2026-04-28 19:31:40,789 - INFO - HTML generado exitosamente - Total: 1069 items
2026-04-28 19:31:40,789 - INFO - Distribución - Anime: 352, Dibujos: 486, Películas: 200, Series: 31
2026-04-28 19:52:06,273 - INFO - Iniciando generación de HTML
2026-04-28 19:52:06,276 - INFO - Backup creado: True
2026-04-28 19:52:06,285 - INFO - TOP.json cargado exitosamente
2026-04-28 19:52:06,306 - INFO - HTML generado exitosamente - Total: 1069 items
2026-04-28 19:52:06,307 - INFO - Distribución - Anime: 352, Dibujos: 486, Películas: 200, Series: 31
2026-04-28 20:32:16,305 - INFO - Iniciando generación de HTML
2026-04-28 20:32:16,308 - INFO - Backup creado: True
2026-04-28 20:32:16,319 - INFO - TOP.json cargado exitosamente
2026-04-28 20:32:16,344 - INFO - HTML generado exitosamente - Total: 1069 items
2026-04-28 20:32:16,344 - INFO - Distribución - Anime: 352, Dibujos: 486, Películas: 200, Series: 31
2026-04-28 20:51:29,755 - INFO - Iniciando generación de HTML
2026-04-28 20:51:29,757 - INFO - Backup creado: True
2026-04-28 20:51:29,766 - INFO - TOP.json cargado exitosamente
2026-04-28 20:51:29,786 - INFO - HTML generado exitosamente - Total: 1069 items
2026-04-28 20:51:29,786 - INFO - Distribución - Anime: 352, Dibujos: 486, Películas: 200, Series: 31
2026-04-28 20:57:10,527 - INFO - Iniciando generación de HTML
2026-04-28 20:57:10,529 - INFO - Backup creado: True
2026-04-28 20:57:10,539 - INFO - TOP.json cargado exitosamente
2026-04-28 20:57:10,560 - INFO - HTML generado exitosamente - Total: 1069 items
2026-04-28 20:57:10,561 - INFO - Distribución - Anime: 352, Dibujos: 486, Películas: 200, Series: 31
2026-04-28 21:16:43,186 - INFO - Iniciando generación de HTML
2026-04-28 21:16:43,189 - INFO - Backup creado: True
2026-04-28 21:16:43,197 - INFO - TOP.json cargado exitosamente
2026-04-28 21:16:43,225 - INFO - HTML generado exitosamente - Total: 1069 items
2026-04-28 21:16:43,225 - INFO - Distribución - Anime: 352, Dibujos: 486, Películas: 200, Series: 31
2026-04-28 21:31:17,369 - INFO - Iniciando generación de HTML
2026-04-28 21:31:17,371 - INFO - Backup creado: True
2026-04-28 21:31:17,380 - INFO - TOP.json cargado exitosamente
2026-04-28 21:31:17,402 - INFO - HTML generado exitosamente - Total: 1069 items
2026-04-28 21:31:17,402 - INFO - Distribución - Anime: 352, Dibujos: 486, Películas: 200, Series: 31
2026-04-28 22:06:34,576 - INFO - Iniciando generación de HTML
2026-04-28 22:06:34,579 - INFO - Backup creado: True
2026-04-28 22:06:34,587 - INFO - TOP.json cargado exitosamente
2026-04-28 22:06:34,605 - INFO - HTML generado exitosamente - Total: 1069 items
2026-04-28 22:06:34,605 - INFO - Distribución - Anime: 352, Dibujos: 486, Películas: 200, Series: 31
